[15:51:46] [main/INFO]: Loading Minecraft 1.21.11 with Fabric Loader 0.18.4
[15:51:46] [main/INFO]: Loading 53 mods:
	- cloth-config 21.11.153
	   \-- cloth-basic-math 0.6.1
	- fabric-api 0.141.2+1.21.11
	   |-- fabric-api-base 1.0.5+4ebb5c083e
	   |-- fabric-api-lookup-api-v1 1.6.113+1fb1cde93e
	   |-- fabric-biome-api-v1 17.1.1+4fc5413f3e
	   |-- fabric-block-api-v1 1.1.10+4ebb5c083e
	   |-- fabric-block-view-api-v2 1.0.39+4ebb5c083e
	   |-- fabric-command-api-v2 2.4.7+6b42a6003e
	   |-- fabric-content-registries-v0 10.2.14+4fc5413f3e
	   |-- fabric-convention-tags-v1 2.1.55+7f945d5b3e
	   |-- fabric-convention-tags-v2 2.17.3+8ef948ba3e
	   |-- fabric-crash-report-info-v1 0.3.23+4ebb5c083e
	   |-- fabric-data-attachment-api-v1 1.8.47+eed0806f3e
	   |-- fabric-data-generation-api-v1 23.4.0+69974c4e3e
	   |-- fabric-dimensions-v1 4.0.28+4fc5413f3e
	   |-- fabric-entity-events-v1 3.1.1+1d0ab4303e
	   |-- fabric-events-interaction-v0 4.1.0+3b89ecf63e
	   |-- fabric-game-rule-api-v1 2.0.3+4fc5413f3e
	   |-- fabric-item-api-v1 11.5.20+d0c46b9e3e
	   |-- fabric-item-group-api-v1 4.2.36+4fc5413f3e
	   |-- fabric-key-binding-api-v1 1.1.7+4fc5413f3e
	   |-- fabric-lifecycle-events-v1 2.6.15+4ebb5c083e
	   |-- fabric-loot-api-v2 3.0.73+3f89f5a53e
	   |-- fabric-loot-api-v3 2.0.20+78c8b4663e
	   |-- fabric-message-api-v1 6.1.12+4ebb5c083e
	   |-- fabric-model-loading-api-v1 6.0.14+4fc5413f3e
	   |-- fabric-networking-api-v1 5.1.5+ae1e07683e
	   |-- fabric-object-builder-api-v1 21.1.39+4fc5413f3e
	   |-- fabric-particles-v1 4.2.11+4fc5413f3e
	   |-- fabric-recipe-api-v1 8.2.3+4ebb5c083e
	   |-- fabric-registry-sync-v0 6.2.5+1718722b3e
	   |-- fabric-renderer-api-v1 8.0.2+f4ffd2e53e
	   |-- fabric-renderer-indigo 5.0.2+f4ffd2e53e
	   |-- fabric-rendering-fluids-v1 3.1.43+4ebb5c083e
	   |-- fabric-rendering-v1 16.2.9+7edacff13e
	   |-- fabric-resource-conditions-api-v1 5.0.35+4fc5413f3e
	   |-- fabric-resource-loader-v0 3.3.4+4fc5413f3e
	   |-- fabric-resource-loader-v1 1.0.10+78c8b4663e
	   |-- fabric-screen-api-v1 3.1.7+4ebb5c083e
	   |-- fabric-screen-handler-api-v1 1.3.161+4fc5413f3e
	   |-- fabric-serialization-api-v1 1.0.5+4ebb5c083e
	   |-- fabric-sound-api-v1 1.0.51+4fc5413f3e
	   |-- fabric-tag-api-v1 1.2.20+4fc5413f3e
	   |-- fabric-transfer-api-v1 6.0.24+4fc5413f3e
	   \-- fabric-transitive-access-wideners-v1 7.1.0+014c8cec3e
	- fabricloader 0.18.4
	   \-- mixinextras 0.5.0
	- java 21
	- minecraft 1.21.11
	- modmenu 17.0.0-beta.2
	   \-- placeholder-api 2.8.1+1.21.10
	- repetphrase 1.0.0
[15:51:46] [main/INFO]: SpongePowered MIXIN Subsystem Version=0.8.7 Source=file:/storage/emulated/0/FCL/.minecraft/libraries/net/fabricmc/sponge-mixin/0.17.0+mixin.0.8.7/sponge-mixin-0.17.0+mixin.0.8.7.jar Service=Knot/Fabric Env=CLIENT
[15:51:47] [main/INFO]: Compatibility level set to JAVA_21
[15:51:48] [main/INFO]: Initializing MixinExtras via com.llamalad7.mixinextras.service.MixinExtrasServiceImpl(version=0.5.0).
[15:51:49] [main/WARN]: Did not find udev library in operating system. Some features may not work.
[15:51:50] [main/WARN]: File not found or not readable: /proc/stat
[15:51:50] [Datafixer Bootstrap/INFO]: 287 Datafixer optimizations took 913 milliseconds
[15:51:57] [Render thread/INFO]: Environment: Environment[sessionHost=https://sessionserver.mojang.com, servicesHost=https://api.minecraftservices.com, profilesHost=https://api.mojang.com, name=PROD]
[15:51:57] [Render thread/INFO]: Setting user: CarbonicX
[15:51:58] [Render thread/INFO]: Your platform does not provide complete low-level API for accessing direct buffers reliably. Unless explicitly requested, heap buffer will always be preferred to avoid potential system instability.
[15:51:58] [Render thread/INFO]: [Indigo] Registering Indigo renderer!
[15:51:58] [Render thread/INFO]: Checking mod updates...
[15:51:59] [Render thread/INFO]: Backend library: LWJGL version 3.3.3-snapshot
[15:52:00] [Render thread/INFO]: Using optional rendering extensions: GL_EXT_texture_filter_anisotropic
[15:52:01] [Render thread/INFO]: Reloading ResourceManager: vanilla, cloth-config, fabric-api, fabric-api-base, fabric-api-lookup-api-v1, fabric-biome-api-v1, fabric-block-api-v1, fabric-block-view-api-v2, fabric-command-api-v2, fabric-content-registries-v0, fabric-convention-tags-v1, fabric-convention-tags-v2, fabric-crash-report-info-v1, fabric-data-attachment-api-v1, fabric-data-generation-api-v1, fabric-dimensions-v1, fabric-entity-events-v1, fabric-events-interaction-v0, fabric-game-rule-api-v1, fabric-item-api-v1, fabric-item-group-api-v1, fabric-key-binding-api-v1, fabric-lifecycle-events-v1, fabric-loot-api-v2, fabric-loot-api-v3, fabric-message-api-v1, fabric-model-loading-api-v1, fabric-networking-api-v1, fabric-object-builder-api-v1, fabric-particles-v1, fabric-recipe-api-v1, fabric-registry-sync-v0, fabric-renderer-api-v1, fabric-renderer-indigo, fabric-rendering-fluids-v1, fabric-rendering-v1, fabric-resource-conditions-api-v1, fabric-resource-loader-v0, fabric-resource-loader-v1, fabric-screen-api-v1, fabric-screen-handler-api-v1, fabric-serialization-api-v1, fabric-sound-api-v1, fabric-tag-api-v1, fabric-transfer-api-v1, fabric-transitive-access-wideners-v1, fabricloader, modmenu, placeholder-api, repetphrase
[15:52:02] [Worker-Main-4/INFO]: Found unifont_pua-17.0.01.hex, loading
[15:52:02] [Worker-Main-5/INFO]: Found unifont_all_no_pua-17.0.01.hex, loading
[15:52:02] [Worker-Main-2/INFO]: Found unifont_jp_patch-17.0.01.hex, loading
[15:52:04] [Render thread/INFO]: OpenAL initialized on device OpenSL
[15:52:04] [Render thread/INFO]: Sound engine started
[15:52:04] [Render thread/INFO]: Created: 512x256x0 minecraft:textures/atlas/particles.png-atlas
[15:52:04] [Render thread/INFO]: Created: 128x128x0 minecraft:textures/atlas/decorated_pot.png-atlas
[15:52:04] [Render thread/INFO]: Created: 2048x1024x0 minecraft:textures/atlas/armor_trims.png-atlas
[15:52:04] [Render thread/INFO]: Created: 512x256x0 minecraft:textures/atlas/paintings.png-atlas
[15:52:04] [Render thread/INFO]: Created: 1024x512x0 minecraft:textures/atlas/shield_patterns.png-atlas
[15:52:04] [Render thread/INFO]: Created: 1024x512x0 minecraft:textures/atlas/blocks.png-atlas
[15:52:04] [Render thread/INFO]: Created: 512x512x0 minecraft:textures/atlas/chest.png-atlas
[15:52:04] [Render thread/INFO]: Created: 256x128x0 minecraft:textures/atlas/celestials.png-atlas
[15:52:04] [Render thread/INFO]: Created: 1024x512x0 minecraft:textures/atlas/banner_patterns.png-atlas
[15:52:04] [Render thread/INFO]: Created: 512x512x0 minecraft:textures/atlas/beds.png-atlas
[15:52:04] [Render thread/INFO]: Created: 1024x512x0 minecraft:textures/atlas/items.png-atlas
[15:52:04] [Render thread/INFO]: Created: 1024x1024x0 minecraft:textures/atlas/gui.png-atlas
[15:52:05] [Render thread/INFO]: Created: 128x64x0 minecraft:textures/atlas/map_decorations.png-atlas
[15:52:05] [Render thread/INFO]: Created: 512x256x0 minecraft:textures/atlas/signs.png-atlas
[15:52:05] [Render thread/INFO]: Created: 512x512x0 minecraft:textures/atlas/shulker_boxes.png-atlas
[15:52:56] [Render thread/ERROR]: ########## GL ERROR ##########
[15:52:56] [Render thread/ERROR]: @ Render
[15:52:56] [Render thread/ERROR]: 65539: Invalid standard cursor 0x00036009
[15:52:56] [Render thread/ERROR]: ########## GL ERROR ##########
[15:52:56] [Render thread/ERROR]: @ Render
[15:52:56] [Render thread/ERROR]: 65539: Invalid standard cursor 0x0003600A
[15:52:57] [Render thread/INFO]: Resizing Dynamic Transforms UBO, capacity limit of 2 reached during a single frame. New capacity will be 4.
[15:52:59] [Render thread/INFO]: Loaded 1470 recipes
[15:52:59] [Render thread/INFO]: Loaded 1584 advancements
[15:53:00] [Render thread/INFO]: Applied 0 biome modifications to 0 of 65 new biomes in 1.357 ms
[15:53:00] [Server thread/INFO]: Starting integrated minecraft server version 1.21.11
[15:53:00] [Server thread/INFO]: Generating keypair
[15:53:00] [Server thread/INFO]: Loading 0 persistent chunks...
[15:53:00] [Server thread/INFO]: 准备生成区域中：16%
[15:53:00] [Render thread/WARN]: Failed to find a usable hardware address from the network interfaces; using random bytes: 84:4e:e2:3e:79:21:b1:a1
[15:53:01] [Server thread/INFO]: Loading 49 chunks for player spawn...
[15:53:01] [Server thread/INFO]: 准备生成区域中：16%
[15:53:01] [Server thread/INFO]: 准备生成区域中：16%
[15:53:01] [Server thread/INFO]: Time elapsed: 1165 ms
[15:53:01] [Server thread/INFO]: CarbonicX[local:E:0a2a43ca] logged in with entity id 1 at (16.39326288427588, -56.83492428302642, 16.048869450968375)
[15:53:02] [Server thread/INFO]: CarbonicX加入了游戏
[15:53:02] [Server thread/INFO]: Changing view distance to 12, from 10
[15:53:02] [Server thread/INFO]: Changing simulation distance to 12, from 0
[15:53:02] [Render thread/INFO]: Loaded 5 advancements
[15:53:02] [Render thread/INFO]: Resizing Dynamic Transforms UBO, capacity limit of 4 reached during a single frame. New capacity will be 8.
[15:53:02] [Render thread/INFO]: Resizing Chunk Sections UBO, capacity limit of 2 reached during a single frame. New capacity will be 4.
[15:53:02] [Render thread/INFO]: Resizing Chunk Sections UBO, capacity limit of 4 reached during a single frame. New capacity will be 8.
[15:53:02] [Render thread/INFO]: Resizing Chunk Sections UBO, capacity limit of 8 reached during a single frame. New capacity will be 16.
[15:53:38] [Render thread/INFO]: ==========================
[15:53:38] [Render thread/INFO]: randomChoose [1] 哈，
[15:53:38] [Render thread/INFO]: ==========================
[15:53:38] [Render thread/INFO]: randomChoose [1] 喵～
[15:53:38] [Render thread/INFO]: randomChoose [1] 喵！
[15:53:38] [Render thread/INFO]: randomChoose [1] 喵。
[15:53:38] [Render thread/INFO]: ==========================
[15:53:38] [Server thread/INFO]: [Not Secure] <CarbonicX> 哈，bc喵。
[15:53:38] [Render thread/INFO]: [CHAT] <CarbonicX> 哈，bc喵。
